16:05:38.452 [main] INFO  testNG.MainTestng - Starting test method: Print_Submenu_items_and_productinfo
16:05:47.719 [main] INFO  testNG.MainTestng - Completed test method: Print_Submenu_items_and_productinfo
16:05:48.102 [main] INFO  testNG.MainTestng - Starting test method: Go_To_GiftCardsSection
16:05:49.518 [main] ERROR testNG.MainTestng - Test failed
16:07:22.828 [main] INFO  testNG.MainTestng - ******* Starting *********
16:07:34.182 [main] INFO  testNG.MainTestng - Starting test method: Searching_Bookshelves
16:07:38.352 [main] INFO  testNG.MainTestng - Completed test method: Searching_Bookshelves
16:07:38.990 [main] INFO  testNG.MainTestng - Starting test method: Apply_Slider
16:07:51.633 [main] INFO  testNG.MainTestng - Completed test method: Apply_Slider
16:07:51.966 [main] INFO  testNG.MainTestng - Starting test method: Exclude_and_Sort
16:07:58.079 [main] INFO  testNG.MainTestng - Completed test method: Exclude_and_Sort
16:07:58.484 [main] INFO  testNG.MainTestng - Starting test method: Print_Submenu_items_and_productinfo
16:08:07.531 [main] INFO  testNG.MainTestng - Completed test method: Print_Submenu_items_and_productinfo
16:08:07.831 [main] INFO  testNG.MainTestng - Starting test method: Go_To_GiftCardsSection
16:08:09.080 [main] ERROR testNG.MainTestng - Test failed
16:10:29.848 [main] INFO  testNG.MainTestng - ******* Starting *********
16:10:44.233 [main] INFO  testNG.MainTestng - Starting test method: Searching_Bookshelves
16:10:49.825 [main] INFO  testNG.MainTestng - Completed test method: Searching_Bookshelves
16:10:50.605 [main] INFO  testNG.MainTestng - Starting test method: Apply_Slider
16:11:03.925 [main] INFO  testNG.MainTestng - Completed test method: Apply_Slider
16:11:04.322 [main] INFO  testNG.MainTestng - Starting test method: Exclude_and_Sort
16:11:10.783 [main] INFO  testNG.MainTestng - Completed test method: Exclude_and_Sort
16:11:11.350 [main] INFO  testNG.MainTestng - Starting test method: Print_Submenu_items_and_productinfo
16:11:21.021 [main] INFO  testNG.MainTestng - Completed test method: Print_Submenu_items_and_productinfo
16:11:21.352 [main] INFO  testNG.MainTestng - Starting test method: Go_To_GiftCardsSection
16:11:36.356 [main] INFO  testNG.MainTestng - Completed test method: Go_To_GiftCardsSection
16:11:37.220 [main] INFO  testNG.MainTestng - Starting test method: Enter_Amount
16:11:41.198 [main] INFO  testNG.MainTestng - Completed test method: Enter_Amount
16:11:42.125 [main] DEBUG org.apache.poi.openxml4j.opc.PackageRelationshipCollection - Parsing relationship: /xl/_rels/workbook.xml.rels
16:11:42.133 [main] DEBUG org.apache.poi.openxml4j.opc.PackageRelationshipCollection - Parsing relationship: /_rels/.rels
16:11:44.689 [main] INFO  testNG.MainTestng - Starting test method: Fill_Form_with_Invalid_info
16:11:48.967 [main] INFO  testNG.MainTestng - Completed test method: Fill_Form_with_Invalid_info
16:11:49.307 [main] INFO  testNG.MainTestng - Starting test method: Capture_ErrorMessage
16:11:49.392 [main] INFO  testNG.MainTestng - Completed test method: Capture_ErrorMessage
16:11:49.745 [main] DEBUG org.apache.poi.openxml4j.opc.PackageRelationshipCollection - Parsing relationship: /xl/_rels/workbook.xml.rels
16:11:49.748 [main] DEBUG org.apache.poi.openxml4j.opc.PackageRelationshipCollection - Parsing relationship: /_rels/.rels
16:11:49.807 [main] INFO  testNG.MainTestng - Starting test method: Fill_Form_with_Valid_data
16:11:53.500 [main] INFO  testNG.MainTestng - Completed test method: Fill_Form_with_Valid_data
16:11:53.862 [main] INFO  testNG.MainTestng - Starting test method: Validate_Entered_Details
16:12:08.686 [main] INFO  testNG.MainTestng - Completed test method: Validate_Entered_Details
